<?xml version="1.0" encoding="UTF-8"?>
<!-- Generated by org.testng.reporters.JUnitReportReporter -->
<testsuite hostname="Debalinas-Air.lan" failures="0" tests="65" name="runner.TestRunner" time="56.203" errors="0" timestamp="2024-09-27T02:05:17 CDT" skipped="0">
  <testcase classname="runner.TestRunner" name="runScenario" time="1.337"/>
  <testcase classname="runner.TestRunner" name="runScenario" time="0.700"/>
  <testcase classname="runner.TestRunner" name="runScenario" time="0.866"/>
  <testcase classname="runner.TestRunner" name="runScenario" time="0.820"/>
  <testcase classname="runner.TestRunner" name="runScenario" time="0.920"/>
  <testcase classname="runner.TestRunner" name="runScenario" time="1.011"/>
  <testcase classname="runner.TestRunner" name="runScenario" time="1.570"/>
  <testcase classname="runner.TestRunner" name="runScenario" time="0.918"/>
  <testcase classname="runner.TestRunner" name="runScenario" time="0.889"/>
  <testcase classname="runner.TestRunner" name="runScenario" time="1.488"/>
  <testcase classname="runner.TestRunner" name="runScenario" time="0.971"/>
  <testcase classname="runner.TestRunner" name="runScenario" time="0.319"/>
  <testcase classname="runner.TestRunner" name="runScenario" time="0.789"/>
  <testcase classname="runner.TestRunner" name="runScenario" time="0.772"/>
  <testcase classname="runner.TestRunner" name="runScenario" time="0.906"/>
  <testcase classname="runner.TestRunner" name="runScenario" time="0.316"/>
  <testcase classname="runner.TestRunner" name="runScenario" time="0.759"/>
  <testcase classname="runner.TestRunner" name="runScenario" time="0.977"/>
  <testcase classname="runner.TestRunner" name="runScenario" time="0.730"/>
  <testcase classname="runner.TestRunner" name="runScenario" time="1.022"/>
  <testcase classname="runner.TestRunner" name="runScenario" time="0.670"/>
  <testcase classname="runner.TestRunner" name="runScenario" time="0.919"/>
  <testcase classname="runner.TestRunner" name="runScenario" time="0.801"/>
  <testcase classname="runner.TestRunner" name="runScenario" time="0.729"/>
  <testcase classname="runner.TestRunner" name="runScenario" time="0.672"/>
  <testcase classname="runner.TestRunner" name="runScenario" time="0.878"/>
  <testcase classname="runner.TestRunner" name="runScenario" time="0.713"/>
  <testcase classname="runner.TestRunner" name="runScenario" time="0.818"/>
  <testcase classname="runner.TestRunner" name="runScenario" time="1.335"/>
  <testcase classname="runner.TestRunner" name="runScenario" time="0.816"/>
  <testcase classname="runner.TestRunner" name="runScenario" time="1.029"/>
  <testcase classname="runner.TestRunner" name="runScenario" time="0.925"/>
  <testcase classname="runner.TestRunner" name="runScenario" time="1.274"/>
  <testcase classname="runner.TestRunner" name="runScenario" time="0.767"/>
  <testcase classname="runner.TestRunner" name="runScenario" time="0.475"/>
  <testcase classname="runner.TestRunner" name="runScenario" time="0.854"/>
  <testcase classname="runner.TestRunner" name="runScenario" time="0.853"/>
  <testcase classname="runner.TestRunner" name="runScenario" time="1.035"/>
  <testcase classname="runner.TestRunner" name="runScenario" time="0.902"/>
  <testcase classname="runner.TestRunner" name="runScenario" time="0.930"/>
  <testcase classname="runner.TestRunner" name="runScenario" time="0.914"/>
  <testcase classname="runner.TestRunner" name="runScenario" time="0.959"/>
  <testcase classname="runner.TestRunner" name="runScenario" time="0.935"/>
  <testcase classname="runner.TestRunner" name="runScenario" time="0.914"/>
  <testcase classname="runner.TestRunner" name="runScenario" time="0.507"/>
  <testcase classname="runner.TestRunner" name="runScenario" time="0.853"/>
  <testcase classname="runner.TestRunner" name="runScenario" time="0.966"/>
  <testcase classname="runner.TestRunner" name="runScenario" time="0.420"/>
  <testcase classname="runner.TestRunner" name="runScenario" time="0.760"/>
  <testcase classname="runner.TestRunner" name="runScenario" time="0.357"/>
  <testcase classname="runner.TestRunner" name="runScenario" time="0.798"/>
  <testcase classname="runner.TestRunner" name="runScenario" time="0.937"/>
  <testcase classname="runner.TestRunner" name="runScenario" time="0.732"/>
  <testcase classname="runner.TestRunner" name="runScenario" time="0.882"/>
  <testcase classname="runner.TestRunner" name="runScenario" time="0.967"/>
  <testcase classname="runner.TestRunner" name="runScenario" time="0.922"/>
  <testcase classname="runner.TestRunner" name="runScenario" time="1.024"/>
  <testcase classname="runner.TestRunner" name="runScenario" time="0.934"/>
  <testcase classname="runner.TestRunner" name="runScenario" time="0.920"/>
  <testcase classname="runner.TestRunner" name="runScenario" time="0.720"/>
  <testcase classname="runner.TestRunner" name="runScenario" time="1.021"/>
  <testcase classname="runner.TestRunner" name="runScenario" time="0.808"/>
  <testcase classname="runner.TestRunner" name="runScenario" time="0.727"/>
  <testcase classname="runner.TestRunner" name="runScenario" time="0.915"/>
  <testcase classname="runner.TestRunner" name="runScenario" time="0.836"/>
</testsuite> <!-- runner.TestRunner -->
